Using pre-set license
Built from '2020.3/staging' branch; Version is '2020.3.19f1 (68f137dc9bbe) revision 6877495'; Using compiler version '192528614'; Build Type 'Release'
OS: 'Windows 10 Pro; OS build 19043.1237; Version 2009; 64bit' Language: 'es' Physical Memory: 16342 MB
BatchMode: 1, IsHumanControllingUs: 0, StartBugReporterOnCrash: 0, Is64bit: 1, IsPro: 0

COMMAND LINE ARGUMENTS:
C:\Program Files\Unity\Hub\Editor\2020.3.19f1\Editor\Unity.exe
-adb2
-batchMode
-noUpm
-name
AssetImportWorker0
-projectPath
D:/Victor Navarro Villgren/Multidispositivo/VictorNavarroTema1/Mi primer Proyecto
-logFile
Logs/AssetImportWorker0.log
-srvPort
50654
Successfully changed project path to: D:/Victor Navarro Villgren/Multidispositivo/VictorNavarroTema1/Mi primer Proyecto
D:/Victor Navarro Villgren/Multidispositivo/VictorNavarroTema1/Mi primer Proyecto
Using Asset Import Pipeline V2.
Refreshing native plugins compatible for Editor in 30.72 ms, found 2 plugins.
Preloading 0 native plugins for Editor in 0.00 ms.
Initialize engine version: 2020.3.19f1 (68f137dc9bbe)
[Subsystems] Discovering subsystems at path C:/Program Files/Unity/Hub/Editor/2020.3.19f1/Editor/Data/Resources/UnitySubsystems
[Subsystems] Discovering subsystems at path D:/Victor Navarro Villgren/Multidispositivo/VictorNavarroTema1/Mi primer Proyecto/Assets
GfxDevice: creating device client; threaded=0
Direct3D:
    Version:  Direct3D 11.0 [level 11.1]
    Renderer: NVIDIA GeForce GTX 1050 Ti (ID=0x1c82)
    Vendor:   
    VRAM:     4018 MB
    Driver:   27.21.14.5671
Initialize mono
Mono path[0] = 'C:/Program Files/Unity/Hub/Editor/2020.3.19f1/Editor/Data/Managed'
Mono path[1] = 'C:/Program Files/Unity/Hub/Editor/2020.3.19f1/Editor/Data/MonoBleedingEdge/lib/mono/unityjit'
Mono config path = 'C:/Program Files/Unity/Hub/Editor/2020.3.19f1/Editor/Data/MonoBleedingEdge/etc'
Using monoOptions --debugger-agent=transport=dt_socket,embedding=1,server=y,suspend=n,address=127.0.0.1:56544
Begin MonoManager ReloadAssembly
Registering precompiled unity dll's ...
Register platform support module: C:/Program Files/Unity/Hub/Editor/2020.3.19f1/Editor/Data/PlaybackEngines/WindowsStandaloneSupport/UnityEditor.WindowsStandalone.Extensions.dll
Registered in 0.002073 seconds.
Native extension for WindowsStandalone target not found
Refreshing native plugins compatible for Editor in 29.78 ms, found 2 plugins.
Preloading 0 native plugins for Editor in 0.00 ms.
Mono: successfully reloaded assembly
- Completed reload, in  1.134 seconds
Domain Reload Profiling:
	ReloadAssembly (1135ms)
		BeginReloadAssembly (60ms)
			ExecutionOrderSort (0ms)
			DisableScriptedObjects (0ms)
			BackupInstance (0ms)
			ReleaseScriptingObjects (0ms)
			CreateAndSetChildDomain (1ms)
		EndReloadAssembly (445ms)
			LoadAssemblies (58ms)
			RebuildTransferFunctionScriptingTraits (0ms)
			SetupTypeCache (169ms)
			ReleaseScriptCaches (0ms)
			RebuildScriptCaches (33ms)
			SetupLoadedEditorAssemblies (168ms)
				LogAssemblyErrors (0ms)
				InitializePlatformSupportModulesInManaged (4ms)
				SetLoadedEditorAssemblies (0ms)
				RefreshPlugins (30ms)
				BeforeProcessingInitializeOnLoad (9ms)
				ProcessInitializeOnLoadAttributes (91ms)
				ProcessInitializeOnLoadMethodAttributes (33ms)
				AfterProcessingInitializeOnLoad (0ms)
				EditorAssembliesLoaded (0ms)
			ExecutionOrderSort2 (0ms)
			AwakeInstancesAfterBackupRestoration (0ms)
Platform modules already initialized, skipping
Registering precompiled user dll's ...
Registered in 0.002090 seconds.
Begin MonoManager ReloadAssembly
Native extension for WindowsStandalone target not found
Refreshing native plugins compatible for Editor in 0.32 ms, found 2 plugins.
Preloading 0 native plugins for Editor in 0.00 ms.
Mono: successfully reloaded assembly
- Completed reload, in  1.060 seconds
Domain Reload Profiling:
	ReloadAssembly (1061ms)
		BeginReloadAssembly (158ms)
			ExecutionOrderSort (0ms)
			DisableScriptedObjects (5ms)
			BackupInstance (0ms)
			ReleaseScriptingObjects (0ms)
			CreateAndSetChildDomain (20ms)
		EndReloadAssembly (836ms)
			LoadAssemblies (89ms)
			RebuildTransferFunctionScriptingTraits (0ms)
			SetupTypeCache (291ms)
			ReleaseScriptCaches (0ms)
			RebuildScriptCaches (45ms)
			SetupLoadedEditorAssemblies (310ms)
				LogAssemblyErrors (0ms)
				InitializePlatformSupportModulesInManaged (5ms)
				SetLoadedEditorAssemblies (0ms)
				RefreshPlugins (0ms)
				BeforeProcessingInitializeOnLoad (57ms)
				ProcessInitializeOnLoadAttributes (236ms)
				ProcessInitializeOnLoadMethodAttributes (5ms)
				AfterProcessingInitializeOnLoad (6ms)
				EditorAssembliesLoaded (0ms)
			ExecutionOrderSort2 (0ms)
			AwakeInstancesAfterBackupRestoration (7ms)
Platform modules already initialized, skipping
========================================================================
Worker process is ready to serve import requests
Launched and connected shader compiler UnityShaderCompiler.exe after 0.04 seconds
Refreshing native plugins compatible for Editor in 0.33 ms, found 2 plugins.
Preloading 0 native plugins for Editor in 0.00 ms.
Unloading 1397 Unused Serialized files (Serialized files now loaded: 0)
System memory in use before: 65.4 MB.
System memory in use after: 65.4 MB.

Unloading 16 unused Assets to reduce memory usage. Loaded Objects now: 1832.
Total: 3.106500 ms (FindLiveObjects: 0.161000 ms CreateObjectMapping: 0.050700 ms MarkObjects: 2.796100 ms  DeleteObjects: 0.097400 ms)

AssetImportParameters requested are different than current active one (requested -> active):
  custom:framework-win-MediaFoundation: 216162199b28c13a410421893ffa2e32 -> 
  custom:video-decoder-ogg-theora: a1e56fd34408186e4bbccfd4996cb3dc -> 
  custom:container-muxer-webm: aa71ff27fc2769a1b78a27578f13a17b -> 
  custom:container-demuxer-webm: 4f35f7cbe854078d1ac9338744f61a02 -> 
  custom:container-demuxer-ogg: 62fdf1f143b41e24485cea50d1cbac27 -> 
  custom:video-encoder-webm-vp8: eb34c28f22e8b96e1ab97ce403110664 -> 
  custom:video-decoder-webm-vp8: 9c59270c3fd7afecdb556c50c9e8de78 -> 
  custom:audio-decoder-ogg-vorbis: bf7c407c2cedff20999df2af8eb42d56 -> 
  custom:audio-encoder-webm-vorbis: bf7c407c2cedff20999df2af8eb42d56 -> 
========================================================================
Received Import Request.
  path: Assets/Prefabs/Enemy.prefab
  artifactKey: Guid(2feadadcfd61a3b448b881e400b16de2) Importer(815301076,1909f56bfc062723c751e8b465ee728b)
Start importing Assets/Prefabs/Enemy.prefab using Guid(2feadadcfd61a3b448b881e400b16de2) Importer(815301076,1909f56bfc062723c751e8b465ee728b)  -> (artifact id: '1e6338360c5684481957a71e17a571cf') in 0.115424 seconds 
  Import took 0.117878 seconds .

========================================================================
Received Import Request.
  Time since last request: 52.448776 seconds.
  path: Assets/Prefabs/Enemy.prefab
  artifactKey: Guid(2feadadcfd61a3b448b881e400b16de2) Importer(815301076,1909f56bfc062723c751e8b465ee728b)
Start importing Assets/Prefabs/Enemy.prefab using Guid(2feadadcfd61a3b448b881e400b16de2) Importer(815301076,1909f56bfc062723c751e8b465ee728b)  -> (artifact id: '05828bf4369eab5ceb595f8222791307') in 0.014347 seconds 
  Import took 0.017193 seconds .

========================================================================
Received Import Request.
  Time since last request: 57.454592 seconds.
  path: Assets/Prefabs/Robot (1) Variant.prefab
  artifactKey: Guid(4de0deaec5174ce4eb29db25a89e999d) Importer(815301076,1909f56bfc062723c751e8b465ee728b)
Start importing Assets/Prefabs/Robot (1) Variant.prefab using Guid(4de0deaec5174ce4eb29db25a89e999d) Importer(815301076,1909f56bfc062723c751e8b465ee728b)  -> (artifact id: 'f2cdb051e652331cb0efb790d45ceda2') in 0.017133 seconds 
  Import took 0.021495 seconds .

========================================================================
Received Import Request.
  Time since last request: 62.506197 seconds.
  path: Assets/Prefabs/Robot (1) Variant.prefab
  artifactKey: Guid(4de0deaec5174ce4eb29db25a89e999d) Importer(815301076,1909f56bfc062723c751e8b465ee728b)
Start importing Assets/Prefabs/Robot (1) Variant.prefab using Guid(4de0deaec5174ce4eb29db25a89e999d) Importer(815301076,1909f56bfc062723c751e8b465ee728b)  -> (artifact id: '851bd9750e13b616051e5e02416c021f') in 0.016629 seconds 
  Import took 0.019839 seconds .

========================================================================
Received Import Request.
  Time since last request: 3.808928 seconds.
  path: Assets/Prefabs/Robot (1) Variant.prefab
  artifactKey: Guid(4de0deaec5174ce4eb29db25a89e999d) Importer(815301076,1909f56bfc062723c751e8b465ee728b)
Start importing Assets/Prefabs/Robot (1) Variant.prefab using Guid(4de0deaec5174ce4eb29db25a89e999d) Importer(815301076,1909f56bfc062723c751e8b465ee728b)  -> (artifact id: 'ab1d6ebf2c2bf29d75435aac28ba7a7b') in 0.015168 seconds 
  Import took 0.018787 seconds .

========================================================================
Received Import Request.
  Time since last request: 1.213146 seconds.
  path: Assets/Prefabs/Robot (1) Variant.prefab
  artifactKey: Guid(4de0deaec5174ce4eb29db25a89e999d) Importer(815301076,1909f56bfc062723c751e8b465ee728b)
Start importing Assets/Prefabs/Robot (1) Variant.prefab using Guid(4de0deaec5174ce4eb29db25a89e999d) Importer(815301076,1909f56bfc062723c751e8b465ee728b)  -> (artifact id: 'c4ce5920ed76426cc29aaa7b52255e65') in 0.015918 seconds 
  Import took 0.019576 seconds .

========================================================================
Received Import Request.
  Time since last request: 2.580595 seconds.
  path: Assets/Prefabs/Robot (1) Variant.prefab
  artifactKey: Guid(4de0deaec5174ce4eb29db25a89e999d) Importer(815301076,1909f56bfc062723c751e8b465ee728b)
Start importing Assets/Prefabs/Robot (1) Variant.prefab using Guid(4de0deaec5174ce4eb29db25a89e999d) Importer(815301076,1909f56bfc062723c751e8b465ee728b)  -> (artifact id: 'f2038d20b06bed8d8780f0b94b0994d5') in 0.017752 seconds 
  Import took 0.021275 seconds .

========================================================================
Received Import Request.
  Time since last request: 0.988610 seconds.
  path: Assets/Prefabs/Robot (1) Variant.prefab
  artifactKey: Guid(4de0deaec5174ce4eb29db25a89e999d) Importer(815301076,1909f56bfc062723c751e8b465ee728b)
Start importing Assets/Prefabs/Robot (1) Variant.prefab using Guid(4de0deaec5174ce4eb29db25a89e999d) Importer(815301076,1909f56bfc062723c751e8b465ee728b)  -> (artifact id: '638f426e7492d17be53733bb35b7b99f') in 0.015561 seconds 
  Import took 0.019197 seconds .

========================================================================
Received Import Request.
  Time since last request: 3.806908 seconds.
  path: Assets/Prefabs/Robot (1) Variant.prefab
  artifactKey: Guid(4de0deaec5174ce4eb29db25a89e999d) Importer(815301076,1909f56bfc062723c751e8b465ee728b)
Start importing Assets/Prefabs/Robot (1) Variant.prefab using Guid(4de0deaec5174ce4eb29db25a89e999d) Importer(815301076,1909f56bfc062723c751e8b465ee728b)  -> (artifact id: '6833745efc87901000fbb2049f3dd24d') in 0.015633 seconds 
  Import took 0.019432 seconds .

========================================================================
Received Import Request.
  Time since last request: 6.820230 seconds.
  path: Assets/Prefabs/Robot (1) Variant.prefab
  artifactKey: Guid(4de0deaec5174ce4eb29db25a89e999d) Importer(815301076,1909f56bfc062723c751e8b465ee728b)
Start importing Assets/Prefabs/Robot (1) Variant.prefab using Guid(4de0deaec5174ce4eb29db25a89e999d) Importer(815301076,1909f56bfc062723c751e8b465ee728b)  -> (artifact id: '9a04aacce31d2fb4d1526b292c0805ae') in 0.015337 seconds 
  Import took 0.018752 seconds .

========================================================================
Received Import Request.
  Time since last request: 81.429037 seconds.
  path: Assets/Prefabs/Robot 1.prefab
  artifactKey: Guid(3c183364b67f2324583d3288ad20c1fa) Importer(815301076,1909f56bfc062723c751e8b465ee728b)
Start importing Assets/Prefabs/Robot 1.prefab using Guid(3c183364b67f2324583d3288ad20c1fa) Importer(815301076,1909f56bfc062723c751e8b465ee728b)  -> (artifact id: '3217c20680ab739cda302698c0f496e5') in 0.015717 seconds 
  Import took 0.019462 seconds .

========================================================================
Received Import Request.
  Time since last request: 18.381880 seconds.
  path: Assets/Prefabs/Robotprueba.prefab
  artifactKey: Guid(3c183364b67f2324583d3288ad20c1fa) Importer(815301076,1909f56bfc062723c751e8b465ee728b)
Start importing Assets/Prefabs/Robotprueba.prefab using Guid(3c183364b67f2324583d3288ad20c1fa) Importer(815301076,1909f56bfc062723c751e8b465ee728b)  -> (artifact id: '635487a55fe7a84fdce5d82986f5babd') in 0.014158 seconds 
  Import took 0.017207 seconds .

========================================================================
Received Import Request.
  Time since last request: 30.378302 seconds.
  path: Assets/Prefabs/Robotprueba.prefab
  artifactKey: Guid(3c183364b67f2324583d3288ad20c1fa) Importer(815301076,1909f56bfc062723c751e8b465ee728b)
Start importing Assets/Prefabs/Robotprueba.prefab using Guid(3c183364b67f2324583d3288ad20c1fa) Importer(815301076,1909f56bfc062723c751e8b465ee728b)  -> (artifact id: 'edb8733fc40e90e40c6ec0e90dc49857') in 0.012231 seconds 
  Import took 0.015275 seconds .

AssetImportWorkerClient::OnTransportError - code=2 error=End of file
