Using pre-set license
Built from '2020.3/staging' branch; Version is '2020.3.19f1 (68f137dc9bbe) revision 6877495'; Using compiler version '192528614'; Build Type 'Release'
OS: 'Windows 10 Pro; OS build 19043.1237; Version 2009; 64bit' Language: 'es' Physical Memory: 16342 MB
BatchMode: 1, IsHumanControllingUs: 0, StartBugReporterOnCrash: 0, Is64bit: 1, IsPro: 0

COMMAND LINE ARGUMENTS:
C:\Program Files\Unity\Hub\Editor\2020.3.19f1\Editor\Unity.exe
-adb2
-batchMode
-noUpm
-name
AssetImportWorker0
-projectPath
D:/Victor Navarro Villgren/Multidispositivo/VictorNavarroTema1/Mi primer Proyecto
-logFile
Logs/AssetImportWorker0.log
-srvPort
58065
Successfully changed project path to: D:/Victor Navarro Villgren/Multidispositivo/VictorNavarroTema1/Mi primer Proyecto
D:/Victor Navarro Villgren/Multidispositivo/VictorNavarroTema1/Mi primer Proyecto
Using Asset Import Pipeline V2.
Refreshing native plugins compatible for Editor in 29.56 ms, found 2 plugins.
Preloading 0 native plugins for Editor in 0.00 ms.
Initialize engine version: 2020.3.19f1 (68f137dc9bbe)
[Subsystems] Discovering subsystems at path C:/Program Files/Unity/Hub/Editor/2020.3.19f1/Editor/Data/Resources/UnitySubsystems
[Subsystems] Discovering subsystems at path D:/Victor Navarro Villgren/Multidispositivo/VictorNavarroTema1/Mi primer Proyecto/Assets
GfxDevice: creating device client; threaded=0
Direct3D:
    Version:  Direct3D 11.0 [level 11.1]
    Renderer: NVIDIA GeForce GTX 1050 Ti (ID=0x1c82)
    Vendor:   
    VRAM:     4018 MB
    Driver:   27.21.14.5671
Initialize mono
Mono path[0] = 'C:/Program Files/Unity/Hub/Editor/2020.3.19f1/Editor/Data/Managed'
Mono path[1] = 'C:/Program Files/Unity/Hub/Editor/2020.3.19f1/Editor/Data/MonoBleedingEdge/lib/mono/unityjit'
Mono config path = 'C:/Program Files/Unity/Hub/Editor/2020.3.19f1/Editor/Data/MonoBleedingEdge/etc'
Using monoOptions --debugger-agent=transport=dt_socket,embedding=1,server=y,suspend=n,address=127.0.0.1:56448
Begin MonoManager ReloadAssembly
Registering precompiled unity dll's ...
Register platform support module: C:/Program Files/Unity/Hub/Editor/2020.3.19f1/Editor/Data/PlaybackEngines/WindowsStandaloneSupport/UnityEditor.WindowsStandalone.Extensions.dll
Registered in 0.002006 seconds.
Native extension for WindowsStandalone target not found
Refreshing native plugins compatible for Editor in 29.57 ms, found 2 plugins.
Preloading 0 native plugins for Editor in 0.00 ms.
Mono: successfully reloaded assembly
- Completed reload, in  1.169 seconds
Domain Reload Profiling:
	ReloadAssembly (1169ms)
		BeginReloadAssembly (59ms)
			ExecutionOrderSort (0ms)
			DisableScriptedObjects (0ms)
			BackupInstance (0ms)
			ReleaseScriptingObjects (0ms)
			CreateAndSetChildDomain (1ms)
		EndReloadAssembly (450ms)
			LoadAssemblies (57ms)
			RebuildTransferFunctionScriptingTraits (0ms)
			SetupTypeCache (174ms)
			ReleaseScriptCaches (0ms)
			RebuildScriptCaches (35ms)
			SetupLoadedEditorAssemblies (166ms)
				LogAssemblyErrors (0ms)
				InitializePlatformSupportModulesInManaged (4ms)
				SetLoadedEditorAssemblies (0ms)
				RefreshPlugins (30ms)
				BeforeProcessingInitializeOnLoad (10ms)
				ProcessInitializeOnLoadAttributes (90ms)
				ProcessInitializeOnLoadMethodAttributes (32ms)
				AfterProcessingInitializeOnLoad (0ms)
				EditorAssembliesLoaded (0ms)
			ExecutionOrderSort2 (0ms)
			AwakeInstancesAfterBackupRestoration (0ms)
Platform modules already initialized, skipping
Registering precompiled user dll's ...
Registered in 0.002114 seconds.
Begin MonoManager ReloadAssembly
Native extension for WindowsStandalone target not found
Refreshing native plugins compatible for Editor in 0.30 ms, found 2 plugins.
Preloading 0 native plugins for Editor in 0.00 ms.
Mono: successfully reloaded assembly
- Completed reload, in  1.045 seconds
Domain Reload Profiling:
	ReloadAssembly (1046ms)
		BeginReloadAssembly (162ms)
			ExecutionOrderSort (0ms)
			DisableScriptedObjects (5ms)
			BackupInstance (0ms)
			ReleaseScriptingObjects (0ms)
			CreateAndSetChildDomain (20ms)
		EndReloadAssembly (815ms)
			LoadAssemblies (87ms)
			RebuildTransferFunctionScriptingTraits (0ms)
			SetupTypeCache (290ms)
			ReleaseScriptCaches (0ms)
			RebuildScriptCaches (42ms)
			SetupLoadedEditorAssemblies (297ms)
				LogAssemblyErrors (0ms)
				InitializePlatformSupportModulesInManaged (5ms)
				SetLoadedEditorAssemblies (0ms)
				RefreshPlugins (0ms)
				BeforeProcessingInitializeOnLoad (54ms)
				ProcessInitializeOnLoadAttributes (226ms)
				ProcessInitializeOnLoadMethodAttributes (5ms)
				AfterProcessingInitializeOnLoad (6ms)
				EditorAssembliesLoaded (0ms)
			ExecutionOrderSort2 (0ms)
			AwakeInstancesAfterBackupRestoration (7ms)
Platform modules already initialized, skipping
========================================================================
Worker process is ready to serve import requests
Launched and connected shader compiler UnityShaderCompiler.exe after 0.05 seconds
Refreshing native plugins compatible for Editor in 0.31 ms, found 2 plugins.
Preloading 0 native plugins for Editor in 0.00 ms.
Unloading 1397 Unused Serialized files (Serialized files now loaded: 0)
System memory in use before: 65.3 MB.
System memory in use after: 65.4 MB.

Unloading 16 unused Assets to reduce memory usage. Loaded Objects now: 1832.
Total: 3.226400 ms (FindLiveObjects: 0.133100 ms CreateObjectMapping: 0.039800 ms MarkObjects: 2.938900 ms  DeleteObjects: 0.113600 ms)

AssetImportParameters requested are different than current active one (requested -> active):
  custom:framework-win-MediaFoundation: 216162199b28c13a410421893ffa2e32 -> 
  custom:video-decoder-ogg-theora: a1e56fd34408186e4bbccfd4996cb3dc -> 
  custom:container-muxer-webm: aa71ff27fc2769a1b78a27578f13a17b -> 
  custom:container-demuxer-webm: 4f35f7cbe854078d1ac9338744f61a02 -> 
  custom:container-demuxer-ogg: 62fdf1f143b41e24485cea50d1cbac27 -> 
  custom:video-encoder-webm-vp8: eb34c28f22e8b96e1ab97ce403110664 -> 
  custom:video-decoder-webm-vp8: 9c59270c3fd7afecdb556c50c9e8de78 -> 
  custom:audio-decoder-ogg-vorbis: bf7c407c2cedff20999df2af8eb42d56 -> 
  custom:audio-encoder-webm-vorbis: bf7c407c2cedff20999df2af8eb42d56 -> 
========================================================================
Received Import Request.
  path: Assets/Scenes
  artifactKey: Guid(21eee60fce9e4ac42a25666d288baf5e) Importer(815301076,1909f56bfc062723c751e8b465ee728b)
Start importing Assets/Scenes using Guid(21eee60fce9e4ac42a25666d288baf5e) Importer(815301076,1909f56bfc062723c751e8b465ee728b)  -> (artifact id: 'f302804d46ae9dd777fd5d8291ad8a34') in 0.005763 seconds 
  Import took 0.008672 seconds .

========================================================================
Received Import Request.
  Time since last request: 8.214514 seconds.
  path: Assets/Scenes/New Scene.unity
  artifactKey: Guid(3944553375e25b34d98727b3e277efe1) Importer(815301076,1909f56bfc062723c751e8b465ee728b)
Start importing Assets/Scenes/New Scene.unity using Guid(3944553375e25b34d98727b3e277efe1) Importer(815301076,1909f56bfc062723c751e8b465ee728b)  -> (artifact id: '8301bf3c46513044f35b8ef0eed364ee') in 0.011342 seconds 
  Import took 0.028955 seconds .

========================================================================
Received Import Request.
  Time since last request: 0.928499 seconds.
  path: Assets/Scenes/SampleScene.unity
  artifactKey: Guid(9fc0d4010bbf28b4594072e72b8655ab) Importer(815301076,1909f56bfc062723c751e8b465ee728b)
Start importing Assets/Scenes/SampleScene.unity using Guid(9fc0d4010bbf28b4594072e72b8655ab) Importer(815301076,1909f56bfc062723c751e8b465ee728b)  -> (artifact id: '7d74f04f7b44d2aa5affc980789fb528') in 0.001796 seconds 
  Import took 0.004198 seconds .

========================================================================
Received Import Request.
  Time since last request: 8.969083 seconds.
  path: Assets/Scenes/example.unity
  artifactKey: Guid(3944553375e25b34d98727b3e277efe1) Importer(815301076,1909f56bfc062723c751e8b465ee728b)
Start importing Assets/Scenes/example.unity using Guid(3944553375e25b34d98727b3e277efe1) Importer(815301076,1909f56bfc062723c751e8b465ee728b)  -> (artifact id: 'ca0e24d9e546564c6dfd5892b71bdd77') in 0.001420 seconds 
  Import took 0.004091 seconds .

========================================================================
Received Import Request.
  Time since last request: 450.054884 seconds.
  path: Assets/Scenes/Ejercicio_2.unity
  artifactKey: Guid(3944553375e25b34d98727b3e277efe1) Importer(815301076,1909f56bfc062723c751e8b465ee728b)
Start importing Assets/Scenes/Ejercicio_2.unity using Guid(3944553375e25b34d98727b3e277efe1) Importer(815301076,1909f56bfc062723c751e8b465ee728b)  -> (artifact id: '613d7b4bb70a1745143e68bea8482259') in 0.002255 seconds 
  Import took 0.005248 seconds .

========================================================================
Received Import Request.
  Time since last request: 393.050683 seconds.
  path: Assets/Materials/New Material 1.mat
  artifactKey: Guid(a8cb26ed087f3e84c9e80f0a256f09e9) Importer(815301076,1909f56bfc062723c751e8b465ee728b)
Start importing Assets/Materials/New Material 1.mat using Guid(a8cb26ed087f3e84c9e80f0a256f09e9) Importer(815301076,1909f56bfc062723c751e8b465ee728b)  -> (artifact id: '17fa6a2590bcb83853606ce484bfeaef') in 0.105076 seconds 
  Import took 0.107671 seconds .

========================================================================
Received Import Request.
  Time since last request: 686.104738 seconds.
  path: Assets/Prefabs
  artifactKey: Guid(951bc91db6feff644acf2c4f3fd21737) Importer(815301076,1909f56bfc062723c751e8b465ee728b)
Start importing Assets/Prefabs using Guid(951bc91db6feff644acf2c4f3fd21737) Importer(815301076,1909f56bfc062723c751e8b465ee728b)  -> (artifact id: 'e523f04a7d5c4916ebe7a90c27e74dc9') in 0.003163 seconds 
  Import took 0.006112 seconds .

========================================================================
Received Import Request.
  Time since last request: 40.030606 seconds.
  path: Assets/Prefabs/Templo.prefab
  artifactKey: Guid(887d83d7320599343a0ba527e76b4f28) Importer(815301076,1909f56bfc062723c751e8b465ee728b)
Start importing Assets/Prefabs/Templo.prefab using Guid(887d83d7320599343a0ba527e76b4f28) Importer(815301076,1909f56bfc062723c751e8b465ee728b)  -> (artifact id: 'db96490f168ccef8c3f346bc28cc8c1d') in 0.055415 seconds 
  Import took 0.058205 seconds .

========================================================================
Received Import Request.
  Time since last request: 180.664783 seconds.
  path: Assets/Prefabs/Templo.prefab
  artifactKey: Guid(887d83d7320599343a0ba527e76b4f28) Importer(815301076,1909f56bfc062723c751e8b465ee728b)
Start importing Assets/Prefabs/Templo.prefab using Guid(887d83d7320599343a0ba527e76b4f28) Importer(815301076,1909f56bfc062723c751e8b465ee728b)  -> (artifact id: 'f952357e982b3c519eda639ef13763ac') in 0.008445 seconds 
  Import took 0.011457 seconds .

========================================================================
Received Import Request.
  Time since last request: 137.799092 seconds.
  path: Assets/Prefabs/Templo.prefab
  artifactKey: Guid(887d83d7320599343a0ba527e76b4f28) Importer(815301076,1909f56bfc062723c751e8b465ee728b)
Start importing Assets/Prefabs/Templo.prefab using Guid(887d83d7320599343a0ba527e76b4f28) Importer(815301076,1909f56bfc062723c751e8b465ee728b)  -> (artifact id: '46043afc61749d3f9a0c5a4c2b09e65a') in 0.010319 seconds 
  Import took 0.013043 seconds .

========================================================================
Received Import Request.
  Time since last request: 429.494143 seconds.
  path: Assets/Prefabs/Templo.prefab
  artifactKey: Guid(887d83d7320599343a0ba527e76b4f28) Importer(815301076,1909f56bfc062723c751e8b465ee728b)
Start importing Assets/Prefabs/Templo.prefab using Guid(887d83d7320599343a0ba527e76b4f28) Importer(815301076,1909f56bfc062723c751e8b465ee728b)  -> (artifact id: '88d5d4e7b7c39553f395bd646eedbbdc') in 0.010299 seconds 
  Import took 0.013577 seconds .

========================================================================
Received Import Request.
  Time since last request: 12.743002 seconds.
  path: Assets/Prefabs/Templo.prefab
  artifactKey: Guid(887d83d7320599343a0ba527e76b4f28) Importer(815301076,1909f56bfc062723c751e8b465ee728b)
Start importing Assets/Prefabs/Templo.prefab using Guid(887d83d7320599343a0ba527e76b4f28) Importer(815301076,1909f56bfc062723c751e8b465ee728b)  -> (artifact id: '93475f355d8393d39b12cf94c971b691') in 0.008858 seconds 
  Import took 0.011689 seconds .

========================================================================
Received Import Request.
  Time since last request: 7.658728 seconds.
  path: Assets/Prefabs/Templo.prefab
  artifactKey: Guid(887d83d7320599343a0ba527e76b4f28) Importer(815301076,1909f56bfc062723c751e8b465ee728b)
Start importing Assets/Prefabs/Templo.prefab using Guid(887d83d7320599343a0ba527e76b4f28) Importer(815301076,1909f56bfc062723c751e8b465ee728b)  -> (artifact id: 'e244e46f61857bb1f8cc24b72de4ae48') in 0.011620 seconds 
  Import took 0.014409 seconds .

========================================================================
Received Import Request.
  Time since last request: 470.908020 seconds.
  path: Assets/Prefabs/Templo (1) Variant.prefab
  artifactKey: Guid(f15bb331e3429f341b07114146eccee1) Importer(815301076,1909f56bfc062723c751e8b465ee728b)
Start importing Assets/Prefabs/Templo (1) Variant.prefab using Guid(f15bb331e3429f341b07114146eccee1) Importer(815301076,1909f56bfc062723c751e8b465ee728b)  -> (artifact id: '1d93949f57ec58cd08e444397e80110b') in 0.020825 seconds 
  Import took 0.023545 seconds .

========================================================================
Received Import Request.
  Time since last request: 131.075727 seconds.
  path: Assets/Scenes/Ejercicio_1.unity
  artifactKey: Guid(44f26fcac2acbed4a936c44b9a9c9fcf) Importer(815301076,1909f56bfc062723c751e8b465ee728b)
Start importing Assets/Scenes/Ejercicio_1.unity using Guid(44f26fcac2acbed4a936c44b9a9c9fcf) Importer(815301076,1909f56bfc062723c751e8b465ee728b)  -> (artifact id: '984c80a4e3d59e689a958fe1f27328c5') in 0.002306 seconds 
  Import took 0.005135 seconds .

========================================================================
Received Import Request.
  Time since last request: 84.236114 seconds.
  path: Assets/Materials/New Material.mat
  artifactKey: Guid(17d86da421ffdf64ca3823cbb1e85b99) Importer(815301076,1909f56bfc062723c751e8b465ee728b)
Start importing Assets/Materials/New Material.mat using Guid(17d86da421ffdf64ca3823cbb1e85b99) Importer(815301076,1909f56bfc062723c751e8b465ee728b)  -> (artifact id: 'ef98dd0500a4860781e020daffc5b48d') in 0.008490 seconds 
  Import took 0.011520 seconds .

========================================================================
Received Import Request.
  Time since last request: 1011.405688 seconds.
  path: Assets/Prefabs/Robot.prefab
  artifactKey: Guid(0b1c3ccee4bbca848b79881dd32a0d19) Importer(815301076,1909f56bfc062723c751e8b465ee728b)
Start importing Assets/Prefabs/Robot.prefab using Guid(0b1c3ccee4bbca848b79881dd32a0d19) Importer(815301076,1909f56bfc062723c751e8b465ee728b)  -> (artifact id: '883d4a54752e8309a3af1b44b72e556a') in 0.034821 seconds 
  Import took 0.038483 seconds .

========================================================================
Received Import Request.
  Time since last request: 208.424152 seconds.
  path: Assets/Prefabs/Robot.prefab
  artifactKey: Guid(0b1c3ccee4bbca848b79881dd32a0d19) Importer(815301076,1909f56bfc062723c751e8b465ee728b)
Start importing Assets/Prefabs/Robot.prefab using Guid(0b1c3ccee4bbca848b79881dd32a0d19) Importer(815301076,1909f56bfc062723c751e8b465ee728b)  -> (artifact id: 'e5b7c25ddb8a9988d94de4333f4f53e3') in 0.019734 seconds 
  Import took 0.022795 seconds .

========================================================================
Received Import Request.
  Time since last request: 15.351617 seconds.
  path: Assets/Prefabs/Robot (1) Variant.prefab
  artifactKey: Guid(27156541b1829fc4b96234f9c4971226) Importer(815301076,1909f56bfc062723c751e8b465ee728b)
Start importing Assets/Prefabs/Robot (1) Variant.prefab using Guid(27156541b1829fc4b96234f9c4971226) Importer(815301076,1909f56bfc062723c751e8b465ee728b)  -> (artifact id: 'bc65bf09fc49df713c0ff37b743edd53') in 0.017061 seconds 
  Import took 0.020462 seconds .

========================================================================
Received Import Request.
  Time since last request: 16.111919 seconds.
  path: Assets/Prefabs/Enemy.prefab
  artifactKey: Guid(27156541b1829fc4b96234f9c4971226) Importer(815301076,1909f56bfc062723c751e8b465ee728b)
Start importing Assets/Prefabs/Enemy.prefab using Guid(27156541b1829fc4b96234f9c4971226) Importer(815301076,1909f56bfc062723c751e8b465ee728b)  -> (artifact id: 'ce95ac0028adcb484d517b64794c1074') in 0.014719 seconds 
  Import took 0.017771 seconds .

========================================================================
Received Import Request.
  Time since last request: 14.372840 seconds.
  path: Assets/Prefabs/Enemy.prefab
  artifactKey: Guid(27156541b1829fc4b96234f9c4971226) Importer(815301076,1909f56bfc062723c751e8b465ee728b)
Start importing Assets/Prefabs/Enemy.prefab using Guid(27156541b1829fc4b96234f9c4971226) Importer(815301076,1909f56bfc062723c751e8b465ee728b)  -> (artifact id: '05828c535735ad16a9636b7f5b3f5d48') in 0.012726 seconds 
  Import took 0.015862 seconds .

========================================================================
Received Import Request.
  Time since last request: 31.832442 seconds.
  path: Assets/Prefabs/Robot (1) Variant.prefab
  artifactKey: Guid(27156541b1829fc4b96234f9c4971226) Importer(815301076,1909f56bfc062723c751e8b465ee728b)
Start importing Assets/Prefabs/Robot (1) Variant.prefab using Guid(27156541b1829fc4b96234f9c4971226) Importer(815301076,1909f56bfc062723c751e8b465ee728b)  -> (artifact id: 'c2ac60be6cf4663cbee056ea00371950') in 0.008681 seconds 
  Import took 0.011941 seconds .

